Arguments: 
  C:\Program Files\nodejs\node.exe C:\Program Files\Yarn\bin\yarn.js add typescript @types/node @types/react @types/react-dom @types/jest

PATH: 
  C:\ProgramData\Oracle\Java\javapath;C:\Program Files\AMD APP\bin\x86;C:\Windows\system32;C:\Windows;C:\Windows\System32\Wbem;C:\Windows\System32\WindowsPowerShell\v1.0\;C:\Program Files\ATI Technologies\ATI.ACE\Core-Static;C:\Program Files\Microsoft SQL Server\90\Tools\binn\;C:\Program Files\Microsoft SQL Server\80\Tools\BINN;C:\Program Files\Microsoft SQL Server\100\Tools\Binn\;C:\Program Files\Microsoft SQL Server\100\DTS\Binn\;C:\Program Files\Microsoft SQL Server\110\Tools\Binn\;C:\Program Files\Windows Kits\8.1\Windows Performance Toolkit\;C:\Program Files\nodejs;C:\Users\securityadmin\AppData\Local\Programs\Python\Python36-32;C:\Program Files\dotnet\;C:\Program Files\Git\cmd;C:\Program Files\Microsoft VS Code\bin;C:\Program Files\Intel\OpenCL SDK\2.0\bin\x86;C:\Program Files\Yarn\bin\;C:\Program Files\nodejs\;C:\Ruby25\bin;C:\Pro;C:\Users\ABET17092001\AppData\Roaming\npm;C:\Users\ABET17092001\AppData\Local\Yarn\bin;C:\Users\ABET17092001\AppData\Local\Programs\Microsoft VS Code\bin

Yarn version: 
  1.12.1

Node version: 
  10.13.0

Platform: 
  win32 ia32

Trace: 
  Error: EPERM: operation not permitted, unlink 'C:\Users\ABET17092001\AppData\Local\Yarn\Cache\v3\npm-@material-ui-core-3.9.2-41ed1a470e981d199829eb5d9317a671c66a6f7d\node_modules\@material-ui\core\.yarn-tarball.tgz'

npm manifest: 
  {
    "name": "cra-practice",
    "version": "0.1.0",
    "private": true,
    "dependencies": {
      "@date-io/date-fns": "^1.0.1",
      "@material-ui/core": "^3.9.1",
      "@material-ui/icons": "^3.0.2",
      "@types/date-fns": "^2.6.0",
      "axios": "^0.18.0",
      "currency.js": "^1.2.1",
      "date-fns": "^2.0.0-alpha.21",
      "form-data": "^2.3.3",
      "material-ui-datetimepicker": "^1.0.7",
      "material-ui-image": "^3.1.0",
      "material-ui-pickers": "^2.1.2",
      "react": "^16.7.0",
      "react-document-title": "^2.0.3",
      "react-dom": "^16.7.0",
      "react-draggable": "^3.1.1",
      "react-redux": "^6.0.0",
      "react-reveal": "^1.2.2",
      "react-router": "^4.3.1",
      "react-router-dom": "^4.3.1",
      "react-scripts": "^2.1.3",
      "react-tinymce": "^0.7.0",
      "react-to-print": "^2.0.0-alpha-6",
      "redux": "^4.0.1",
      "redux-devtools-extension": "^2.13.7",
      "redux-persist": "^5.10.0",
      "redux-persist-transform-encrypt": "^2.0.1",
      "redux-reset": "^0.3.0",
      "redux-thunk": "^2.3.0"
    },
    "scripts": {
      "start": "react-scripts start",
      "build": "react-scripts build",
      "test": "react-scripts test",
      "eject": "react-scripts eject"
    },
    "eslintConfig": {
      "extends": "react-app"
    },
    "browserslist": [
      ">0.2%",
      "not dead",
      "not ie <= 11",
      "not op_mini all"
    ],
    "devDependencies": {
      "@types/enzyme": "^3.1.18",
      "@types/enzyme-adapter-react-16": "^1.0.4",
      "@types/jest": "^24.0.5",
      "enzyme": "^3.8.0",
      "enzyme-adapter-react-16": "^1.9.1",
      "enzyme-to-json": "^3.3.5",
      "node-sass": "^4.11.0"
    }
  }

yarn manifest: 
  No manifest

Lockfile: 
  No lockfile
